<?xml version="1.0" encoding="UTF-8"?>
<testng-results ignored="0" total="1" passed="1" failed="0" skipped="0">
  <reporter-output>
  </reporter-output>
  <suite started-at="2022-07-19T17:28:19 IST" name="Suite" finished-at="2022-07-19T17:28:44 IST" duration-ms="24564">
    <groups>
    </groups>
    <test started-at="2022-07-19T17:28:19 IST" name="Test" finished-at="2022-07-19T17:28:44 IST" duration-ms="24564">
      <class name="logintest.login_test">
        <test-method is-config="true" signature="intreports()[pri:0, instance:logintest.login_test@2af004b]" started-at="2022-07-19T17:28:19 IST" name="intreports" finished-at="2022-07-19T17:28:21 IST" duration-ms="1418" status="PASS">
          <reporter-output>
          </reporter-output>
        </test-method> <!-- intreports -->
        <test-method is-config="true" signature="openbrowser()[pri:0, instance:logintest.login_test@2af004b]" started-at="2022-07-19T17:28:21 IST" name="openbrowser" finished-at="2022-07-19T17:28:38 IST" duration-ms="17190" status="PASS">
          <reporter-output>
          </reporter-output>
        </test-method> <!-- openbrowser -->
        <test-method is-config="true" signature="loginobjects()[pri:0, instance:logintest.login_test@2af004b]" started-at="2022-07-19T17:28:38 IST" name="loginobjects" finished-at="2022-07-19T17:28:38 IST" duration-ms="79" status="PASS">
          <reporter-output>
          </reporter-output>
        </test-method> <!-- loginobjects -->
        <test-method signature="verifyusername()[pri:0, instance:logintest.login_test@2af004b]" started-at="2022-07-19T17:28:38 IST" name="verifyusername" finished-at="2022-07-19T17:28:41 IST" duration-ms="2829" status="PASS">
          <reporter-output>
          </reporter-output>
        </test-method> <!-- verifyusername -->
        <test-method is-config="true" signature="getresult(org.testng.ITestResult)[pri:0, instance:logintest.login_test@2af004b]" started-at="2022-07-19T17:28:41 IST" name="getresult" finished-at="2022-07-19T17:28:41 IST" duration-ms="29" status="PASS">
          <params>
            <param index="0">
              <value>
                <![CDATA[[TestResult name=verifyusername status=SUCCESS method=login_test.verifyusername()[pri:0, instance:logintest.login_test@2af004b] output={null}]]]>
              </value>
            </param>
          </params>
          <reporter-output>
          </reporter-output>
        </test-method> <!-- getresult -->
        <test-method is-config="true" signature="closebrowser()[pri:0, instance:logintest.login_test@2af004b]" started-at="2022-07-19T17:28:41 IST" name="closebrowser" finished-at="2022-07-19T17:28:42 IST" duration-ms="838" status="PASS">
          <reporter-output>
          </reporter-output>
        </test-method> <!-- closebrowser -->
        <test-method is-config="true" signature="teardown()[pri:0, instance:logintest.login_test@2af004b]" started-at="2022-07-19T17:28:42 IST" name="teardown" finished-at="2022-07-19T17:28:44 IST" duration-ms="1938" status="PASS">
          <reporter-output>
          </reporter-output>
        </test-method> <!-- teardown -->
      </class> <!-- logintest.login_test -->
    </test> <!-- Test -->
  </suite> <!-- Suite -->
</testng-results>
