<?xml version="1.0" encoding="UTF-8"?>
<testng-results ignored="0" total="1" passed="1" failed="0" skipped="0">
  <reporter-output>
  </reporter-output>
  <suite started-at="2022-07-19T22:42:03 IST" name="Default suite" finished-at="2022-07-19T22:42:24 IST" duration-ms="21581">
    <groups>
    </groups>
    <test started-at="2022-07-19T22:42:03 IST" name="Default test" finished-at="2022-07-19T22:42:24 IST" duration-ms="21581">
      <class name="logintest.login_test">
        <test-method is-config="true" signature="intreports()[pri:0, instance:logintest.login_test@482d776b]" started-at="2022-07-19T22:42:03 IST" name="intreports" finished-at="2022-07-19T22:42:04 IST" duration-ms="1038" status="PASS">
          <reporter-output>
          </reporter-output>
        </test-method> <!-- intreports -->
        <test-method is-config="true" signature="openbrowser()[pri:0, instance:logintest.login_test@482d776b]" started-at="2022-07-19T22:42:04 IST" name="openbrowser" finished-at="2022-07-19T22:42:19 IST" duration-ms="15255" status="PASS">
          <reporter-output>
          </reporter-output>
        </test-method> <!-- openbrowser -->
        <test-method is-config="true" signature="loginobjects()[pri:0, instance:logintest.login_test@482d776b]" started-at="2022-07-19T22:42:19 IST" name="loginobjects" finished-at="2022-07-19T22:42:19 IST" duration-ms="55" status="PASS">
          <reporter-output>
          </reporter-output>
        </test-method> <!-- loginobjects -->
        <test-method signature="verifyusername()[pri:0, instance:logintest.login_test@482d776b]" started-at="2022-07-19T22:42:19 IST" name="verifyusername" finished-at="2022-07-19T22:42:22 IST" duration-ms="2789" status="PASS">
          <reporter-output>
          </reporter-output>
        </test-method> <!-- verifyusername -->
        <test-method is-config="true" signature="getresult(org.testng.ITestResult)[pri:0, instance:logintest.login_test@482d776b]" started-at="2022-07-19T22:42:22 IST" name="getresult" finished-at="2022-07-19T22:42:22 IST" duration-ms="35" status="PASS">
          <params>
            <param index="0">
              <value>
                <![CDATA[[TestResult name=verifyusername status=SUCCESS method=login_test.verifyusername()[pri:0, instance:logintest.login_test@482d776b] output={null}]]]>
              </value>
            </param>
          </params>
          <reporter-output>
          </reporter-output>
        </test-method> <!-- getresult -->
        <test-method is-config="true" signature="closebrowser()[pri:0, instance:logintest.login_test@482d776b]" started-at="2022-07-19T22:42:22 IST" name="closebrowser" finished-at="2022-07-19T22:42:23 IST" duration-ms="1060" status="PASS">
          <reporter-output>
          </reporter-output>
        </test-method> <!-- closebrowser -->
        <test-method is-config="true" signature="teardown()[pri:0, instance:logintest.login_test@482d776b]" started-at="2022-07-19T22:42:23 IST" name="teardown" finished-at="2022-07-19T22:42:24 IST" duration-ms="1199" status="PASS">
          <reporter-output>
          </reporter-output>
        </test-method> <!-- teardown -->
      </class> <!-- logintest.login_test -->
    </test> <!-- Default test -->
  </suite> <!-- Default suite -->
</testng-results>
